cd
run mains
Server Berjalan pada Port : 8000
connection log= {
  connection: 'connecting',
  receivedPendingNotifications: false,
  qr: undefined
}
QR Status: connecting
connection log= { isOnline: true }
QR Status: online
opened connection
connection log= { receivedPendingNotifications: true }
2024-6-12 2:48:19  : check Reply, Msgqueue =  [ { from: '', teks: '', type: '', buff: '' } ] process= 0
2024-6-12 2:48:19  : Check New Message Response( 1 ) =  [ { status: 'false' } ]
status= false
2024-6-12 2:48:20  : check Reply, Msgqueue =  [] process= 0
2024-6-12 2:48:20  : Check New Message Response( 2 ) =  [ { status: 'false' } ]
status= false
2024-6-12 2:48:20  : check Reply, Msgqueue =  [] process= 0
2024-6-12 2:48:20  : Check New Message Response( 3 ) =  [ { status: 'false' } ]
status= false
2024-6-12 2:48:23  : check Reply, Msgqueue =  [] process= 0
2024-6-12 2:48:24  : check Reply, Msgqueue =  [] process= 0
2024-6-12 2:48:24  : check Reply, Msgqueue =  [] process= 0
2024-6-12 2:48:27  : check Reply, Msgqueue =  [] process= 0
2024-6-12 2:48:27  : Check New Message Response( 4 ) =  [ { status: 'false' } ]
status= false
2024-6-12 2:48:28  : check Reply, Msgqueue =  [] process= 0
2024-6-12 2:48:28  : Check New Message Response( 5 ) =  [ { status: 'false' } ]
status= false
2024-6-12 2:48:28  : check Reply, Msgqueue =  [] process= 0
2024-6-12 2:48:28  : Check New Message Response( 6 ) =  [ { status: 'false' } ]
status= false
2024-6-12 2:48:31  : check Reply, Msgqueue =  [] process= 0
2024-6-12 2:48:32  : check Reply, Msgqueue =  [] process= 0
2024-6-12 2:48:32  : check Reply, Msgqueue =  [] process= 0
2024-6-12 2:48:35  : check Reply, Msgqueue =  [] process= 0
2024-6-12 2:48:35  : Check New Message Response( 7 ) =  [ { status: 'false' } ]
status= false
2024-6-12 2:48:36  : check Reply, Msgqueue =  [] process= 0
2024-6-12 2:48:36  : Check New Message Response( 8 ) =  [ { status: 'false' } ]
status= false
2024-6-12 2:48:36  : check Reply, Msgqueue =  [] process= 0
2024-6-12 2:48:36  : Check New Message Response( 9 ) =  [ { status: 'false' } ]
status= false
2024-6-12 2:48:39  : check Reply, Msgqueue =  [] process= 0
2024-6-12 2:48:40  : check Reply, Msgqueue =  [] process= 0
2024-6-12 2:48:40  : check Reply, Msgqueue =  [] process= 0
2024-6-12 2:48:43  : check Reply, Msgqueue =  [] process= 0
2024-6-12 2:48:43  : Check New Message Response( 10 ) =  [ { status: 'false' } ]
status= false
2024-6-12 2:48:44  : check Reply, Msgqueue =  [] process= 0
2024-6-12 2:48:44  : Check New Message Response( 11 ) =  [ { status: 'false' } ]
status= false
2024-6-12 2:48:44  : check Reply, Msgqueue =  [] process= 0
2024-6-12 2:48:44  : Check New Message Response( 12 ) =  [ { status: 'false' } ]
status= false
2024-6-12 2:48:47  : check Reply, Msgqueue =  [] process= 0
2024-6-12 2:48:48  : check Reply, Msgqueue =  [] process= 0
2024-6-12 2:48:48  : check Reply, Msgqueue =  [] process= 0
2024-6-12 2:48:51  : check Reply, Msgqueue =  [] process= 0
2024-6-12 2:48:51  : Check New Message Response( 13 ) =  [ { status: 'false' } ]
status= false
2024-6-12 2:48:52  : check Reply, Msgqueue =  [] process= 0
2024-6-12 2:48:52  : Check New Message Response( 14 ) =  [ { status: 'false' } ]
status= false
2024-6-12 2:48:52  : check Reply, Msgqueue =  [] process= 0
2024-6-12 2:48:52  : Check New Message Response( 15 ) =  [ { status: 'false' } ]
status= false
2024-6-12 2:48:55  : check Reply, Msgqueue =  [] process= 0
2024-6-12 2:48:56  : check Reply, Msgqueue =  [] process= 0
2024-6-12 2:48:56  : check Reply, Msgqueue =  [] process= 0
2024-6-12 2:48:59  : check Reply, Msgqueue =  [] process= 0
2024-6-12 2:48:59  : Check New Message Response( 16 ) =  [ { status: 'false' } ]
status= false
2024-6-12 2:49:0  : check Reply, Msgqueue =  [] process= 0
2024-6-12 2:49:0  : Check New Message Response( 17 ) =  [ { status: 'false' } ]
status= false
2024-6-12 2:49:0  : check Reply, Msgqueue =  [] process= 0
2024-6-12 2:49:0  : Check New Message Response( 18 ) =  [ { status: 'false' } ]
status= false
2024-6-12 2:49:3  : check Reply, Msgqueue =  [] process= 0
2024-6-12 2:49:4  : check Reply, Msgqueue =  [] process= 0
2024-6-12 2:49:4  : check Reply, Msgqueue =  [] process= 0
2024-6-12 2:49:7  : check Reply, Msgqueue =  [] process= 0
2024-6-12 2:49:7  : Check New Message Response( 19 ) =  [ { status: 'false' } ]
status= false
2024-6-12 2:49:8  : check Reply, Msgqueue =  [] process= 0
2024-6-12 2:49:8  : Check New Message Response( 20 ) =  [ { status: 'false' } ]
status= false
2024-6-12 2:49:8  : check Reply, Msgqueue =  [] process= 0
2024-6-12 2:49:8  : Check New Message Response( 21 ) =  [ { status: 'false' } ]
status= false
2024-6-12 2:49:11  : check Reply, Msgqueue =  [] process= 0
2024-6-12 2:49:12  : check Reply, Msgqueue =  [] process= 0
2024-6-12 2:49:12  : check Reply, Msgqueue =  [] process= 0
2024-6-12 2:49:15  : check Reply, Msgqueue =  [] process= 0
2024-6-12 2:49:15  : Check New Message Response( 22 ) =  [ { status: 'false' } ]
status= false
2024-6-12 2:49:16  : check Reply, Msgqueue =  [] process= 0
2024-6-12 2:49:16  : Check New Message Response( 23 ) =  [ { status: 'false' } ]
status= false
2024-6-12 2:49:16  : check Reply, Msgqueue =  [] process= 0
2024-6-12 2:49:16  : Check New Message Response( 24 ) =  [ { status: 'false' } ]
status= false
2024-6-12 2:49:19  : check Reply, Msgqueue =  [] process= 0
2024-6-12 2:49:20  : check Reply, Msgqueue =  [] process= 0
2024-6-12 2:49:20  : check Reply, Msgqueue =  [] process= 0
2024-6-12 2:49:23  : check Reply, Msgqueue =  [] process= 0
2024-6-12 2:49:23  : Check New Message Response( 25 ) =  [ { status: 'false' } ]
status= false
2024-6-12 2:49:24  : check Reply, Msgqueue =  [] process= 0
2024-6-12 2:49:24  : check Reply, Msgqueue =  [] process= 0
2024-6-12 2:49:24  : Check New Message Response( 26 ) =  [ { status: 'false' } ]
status= false
2024-6-12 2:49:24  : Check New Message Response( 27 ) =  [ { status: 'false' } ]
status= false
2024-6-12 2:49:27  : check Reply, Msgqueue =  [] process= 0
2024-6-12 2:49:28  : check Reply, Msgqueue =  [] process= 0
2024-6-12 2:49:28  : check Reply, Msgqueue =  [] process= 0
2024-6-12 2:49:31  : check Reply, Msgqueue =  [] process= 0
2024-6-12 2:49:31  : Check New Message Response( 28 ) =  [ { status: 'false' } ]
status= false
2024-6-12 2:49:32  : check Reply, Msgqueue =  [] process= 0
2024-6-12 2:49:32  : check Reply, Msgqueue =  [] process= 0
2024-6-12 2:49:32  : Check New Message Response( 29 ) =  [ { status: 'false' } ]
status= false
2024-6-12 2:49:32  : Check New Message Response( 30 ) =  [ { status: 'false' } ]
status= false
2024-6-12 2:49:35  : check Reply, Msgqueue =  [] process= 0
2024-6-12 2:49:36  : check Reply, Msgqueue =  [] process= 0
2024-6-12 2:49:36  : check Reply, Msgqueue =  [] process= 0
2024-6-12 2:49:39  : check Reply, Msgqueue =  [] process= 0
2024-6-12 2:49:39  : Check New Message Response( 31 ) =  [ { status: 'false' } ]
status= false
2024-6-12 2:49:40  : check Reply, Msgqueue =  [] process= 0
2024-6-12 2:49:40  : check Reply, Msgqueue =  [] process= 0
2024-6-12 2:49:40  : Check New Message Response( 32 ) =  [ { status: 'false' } ]
status= false
2024-6-12 2:49:40  : Check New Message Response( 33 ) =  [ { status: 'false' } ]
status= false
2024-6-12 2:49:43  : check Reply, Msgqueue =  [] process= 0
2024-6-12 2:49:44  : check Reply, Msgqueue =  [] process= 0
2024-6-12 2:49:44  : check Reply, Msgqueue =  [] process= 0
2024-6-12 2:49:47  : check Reply, Msgqueue =  [] process= 0
2024-6-12 2:49:47  : Check New Message Response( 34 ) =  [ { status: 'false' } ]
status= false
2024-6-12 2:49:48  : check Reply, Msgqueue =  [] process= 0
2024-6-12 2:49:48  : check Reply, Msgqueue =  [] process= 0
2024-6-12 2:49:48  : Check New Message Response( 35 ) =  [ { status: 'false' } ]
status= false
2024-6-12 2:49:48  : Check New Message Response( 36 ) =  [ { status: 'false' } ]
status= false
2024-6-12 2:49:51  : check Reply, Msgqueue =  [] process= 0
2024-6-12 2:49:52  : check Reply, Msgqueue =  [] process= 0
2024-6-12 2:49:52  : check Reply, Msgqueue =  [] process= 0
2024-6-12 2:49:55  : check Reply, Msgqueue =  [] process= 0
2024-6-12 2:49:55  : Check New Message Response( 37 ) =  [ { status: 'false' } ]
status= false
2024-6-12 2:49:56  : check Reply, Msgqueue =  [] process= 0
2024-6-12 2:49:56  : check Reply, Msgqueue =  [] process= 0
2024-6-12 2:49:56  : Check New Message Response( 38 ) =  [ { status: 'false' } ]
status= false
2024-6-12 2:49:56  : Check New Message Response( 39 ) =  [ { status: 'false' } ]
status= false
2024-6-12 2:49:59  : check Reply, Msgqueue =  [] process= 0
2024-6-12 2:50:0  : check Reply, Msgqueue =  [] process= 0
2024-6-12 2:50:0  : check Reply, Msgqueue =  [] process= 0
2024-6-12 2:50:3  : check Reply, Msgqueue =  [] process= 0
2024-6-12 2:50:3  : Check New Message Response( 40 ) =  [ { status: 'false' } ]
status= false
2024-6-12 2:50:4  : check Reply, Msgqueue =  [] process= 0
2024-6-12 2:50:4  : check Reply, Msgqueue =  [] process= 0
2024-6-12 2:50:4  : Check New Message Response( 41 ) =  [ { status: 'false' } ]
status= false
2024-6-12 2:50:4  : Check New Message Response( 42 ) =  [ { status: 'false' } ]
status= false
2024-6-12 2:50:7  : check Reply, Msgqueue =  [] process= 0
2024-6-12 2:50:8  : check Reply, Msgqueue =  [] process= 0
2024-6-12 2:50:8  : check Reply, Msgqueue =  [] process= 0
2024-6-12 2:50:11  : check Reply, Msgqueue =  [] process= 0
2024-6-12 2:50:11  : Check New Message Response( 43 ) =  [ { status: 'false' } ]
status= false
2024-6-12 2:50:12  : check Reply, Msgqueue =  [] process= 0
2024-6-12 2:50:12  : check Reply, Msgqueue =  [] process= 0
2024-6-12 2:50:12  : Check New Message Response( 44 ) =  [ { status: 'false' } ]
status= false
2024-6-12 2:50:12  : Check New Message Response( 45 ) =  [ { status: 'false' } ]
status= false
2024-6-12 2:50:15  : check Reply, Msgqueue =  [] process= 0
2024-6-12 2:50:16  : check Reply, Msgqueue =  [] process= 0
2024-6-12 2:50:16  : check Reply, Msgqueue =  [] process= 0
2024-6-12 2:50:19  : check Reply, Msgqueue =  [] process= 0
2024-6-12 2:50:19  : Check New Message Response( 46 ) =  [ { status: 'false' } ]
status= false
2024-6-12 2:50:20  : check Reply, Msgqueue =  [] process= 0
2024-6-12 2:50:20  : check Reply, Msgqueue =  [] process= 0
2024-6-12 2:50:20  : Check New Message Response( 47 ) =  [ { status: 'false' } ]
status= false
2024-6-12 2:50:20  : Check New Message Response( 48 ) =  [ { status: 'false' } ]
status= false
2024-6-12 2:50:23  : check Reply, Msgqueue =  [] process= 0
2024-6-12 2:50:24  : check Reply, Msgqueue =  [] process= 0
2024-6-12 2:50:24  : check Reply, Msgqueue =  [] process= 0
2024-6-12 2:50:27  : check Reply, Msgqueue =  [] process= 0
2024-6-12 2:50:27  : Check New Message Response( 49 ) =  [ { status: 'false' } ]
status= false
2024-6-12 2:50:28  : check Reply, Msgqueue =  [] process= 0
2024-6-12 2:50:28  : check Reply, Msgqueue =  [] process= 0
2024-6-12 2:50:28  : Check New Message Response( 50 ) =  [ { status: 'false' } ]
status= false
2024-6-12 2:50:28  : Check New Message Response( 51 ) =  [ { status: 'false' } ]
status= false
2024-6-12 2:50:31  : check Reply, Msgqueue =  [] process= 0
2024-6-12 2:50:32  : check Reply, Msgqueue =  [] process= 0
2024-6-12 2:50:32  : check Reply, Msgqueue =  [] process= 0
2024-6-12 2:50:35  : check Reply, Msgqueue =  [] process= 0
2024-6-12 2:50:35  : Check New Message Response( 52 ) =  [ { status: 'false' } ]
status= false
2024-6-12 2:50:36  : check Reply, Msgqueue =  [] process= 0
2024-6-12 2:50:36  : check Reply, Msgqueue =  [] process= 0
2024-6-12 2:50:36  : Check New Message Response( 53 ) =  [ { status: 'false' } ]
status= false
2024-6-12 2:50:36  : Check New Message Response( 54 ) =  [ { status: 'false' } ]
status= false
2024-6-12 2:50:39  : check Reply, Msgqueue =  [] process= 0
2024-6-12 2:50:40  : check Reply, Msgqueue =  [] process= 0
2024-6-12 2:50:40  : check Reply, Msgqueue =  [] process= 0
2024-6-12 2:50:43  : check Reply, Msgqueue =  [] process= 0
2024-6-12 2:50:43  : Check New Message Response( 55 ) =  [ { status: 'false' } ]
status= false
2024-6-12 2:50:44  : check Reply, Msgqueue =  [] process= 0
2024-6-12 2:50:44  : check Reply, Msgqueue =  [] process= 0
2024-6-12 2:50:44  : Check New Message Response( 56 ) =  [ { status: 'false' } ]
status= false
2024-6-12 2:50:44  : Check New Message Response( 57 ) =  [ { status: 'false' } ]
status= false
2024-6-12 2:50:47  : check Reply, Msgqueue =  [] process= 0
2024-6-12 2:50:48  : check Reply, Msgqueue =  [] process= 0
2024-6-12 2:50:48  : check Reply, Msgqueue =  [] process= 0
2024-6-12 2:50:51  : check Reply, Msgqueue =  [] process= 0
2024-6-12 2:50:51  : Check New Message Response( 58 ) =  [ { status: 'false' } ]
status= false
2024-6-12 2:50:52  : check Reply, Msgqueue =  [] process= 0
2024-6-12 2:50:52  : check Reply, Msgqueue =  [] process= 0
2024-6-12 2:50:52  : Check New Message Response( 59 ) =  [ { status: 'false' } ]
status= false
2024-6-12 2:50:52  : Check New Message Response( 60 ) =  [ { status: 'false' } ]
status= false
2024-6-12 2:50:55  : check Reply, Msgqueue =  [] process= 0
2024-6-12 2:50:56  : check Reply, Msgqueue =  [] process= 0
2024-6-12 2:50:56  : check Reply, Msgqueue =  [] process= 0
2024-6-12 2:50:59  : check Reply, Msgqueue =  [] process= 0
2024-6-12 2:50:59  : Check New Message Response( 61 ) =  [ { status: 'false' } ]
status= false
2024-6-12 2:51:0  : check Reply, Msgqueue =  [] process= 0
2024-6-12 2:51:0  : check Reply, Msgqueue =  [] process= 0
2024-6-12 2:51:0  : Check New Message Response( 63 ) =  [ { status: 'false' } ]
status= false
2024-6-12 2:51:3  : check Reply, Msgqueue =  [] process= 0
2024-6-12 2:51:4  : check Reply, Msgqueue =  [] process= 0
2024-6-12 2:51:4  : check Reply, Msgqueue =  [] process= 0
2024-6-12 2:51:7  : check Reply, Msgqueue =  [] process= 0
2024-6-12 2:51:7  : Check New Message Response( 64 ) =  [ { status: 'false' } ]
status= false
2024-6-12 2:51:8  : check Reply, Msgqueue =  [] process= 0
2024-6-12 2:51:8  : check Reply, Msgqueue =  [] process= 0
2024-6-12 2:51:8  : Check New Message Response( 65 ) =  [ { status: 'false' } ]
status= false
2024-6-12 2:51:11  : check Reply, Msgqueue =  [] process= 0
2024-6-12 2:51:12  : check Reply, Msgqueue =  [] process= 0
2024-6-12 2:51:12  : check Reply, Msgqueue =  [] process= 0
2024-6-12 2:51:15  : check Reply, Msgqueue =  [] process= 0
2024-6-12 2:51:15  : Check New Message Response( 66 ) =  [ { status: 'false' } ]
status= false
2024-6-12 2:51:16  : check Reply, Msgqueue =  [] process= 0
2024-6-12 2:51:16  : check Reply, Msgqueue =  [] process= 0
2024-6-12 2:51:16  : Check New Message Response( 67 ) =  [ { status: 'false' } ]
status= false
2024-6-12 2:51:19  : check Reply, Msgqueue =  [] process= 0
2024-6-12 2:51:20  : check Reply, Msgqueue =  [] process= 0
2024-6-12 2:51:20  : check Reply, Msgqueue =  [] process= 0
2024-6-12 2:51:23  : check Reply, Msgqueue =  [] process= 0
2024-6-12 2:51:23  : Check New Message Response( 68 ) =  [ { status: 'false' } ]
status= false
2024-6-12 2:51:24  : check Reply, Msgqueue =  [] process= 0
2024-6-12 2:51:24  : check Reply, Msgqueue =  [] process= 0
2024-6-12 2:51:24  : Check New Message Response( 69 ) =  [ { status: 'false' } ]
status= false
2024-6-12 2:51:27  : check Reply, Msgqueue =  [] process= 0
2024-6-12 2:51:28  : check Reply, Msgqueue =  [] process= 0
2024-6-12 2:51:28  : check Reply, Msgqueue =  [] process= 0
2024-6-12 2:51:31  : check Reply, Msgqueue =  [] process= 0
2024-6-12 2:51:31  : Check New Message Response( 70 ) =  [ { status: 'false' } ]
status= false
2024-6-12 2:51:32  : check Reply, Msgqueue =  [] process= 0
2024-6-12 2:51:32  : check Reply, Msgqueue =  [] process= 0
2024-6-12 2:51:32  : Check New Message Response( 71 ) =  [ { status: 'false' } ]
status= false
2024-6-12 2:51:35  : check Reply, Msgqueue =  [] process= 0
2024-6-12 2:51:36  : check Reply, Msgqueue =  [] process= 0
2024-6-12 2:51:36  : check Reply, Msgqueue =  [] process= 0
2024-6-12 2:51:39  : check Reply, Msgqueue =  [] process= 0
2024-6-12 2:51:39  : Check New Message Response( 72 ) =  [ { status: 'false' } ]
status= false
2024-6-12 2:51:40  : check Reply, Msgqueue =  [] process= 0
2024-6-12 2:51:40  : check Reply, Msgqueue =  [] process= 0
2024-6-12 2:51:40  : Check New Message Response( 73 ) =  [ { status: 'false' } ]
status= false
2024-6-12 2:51:43  : check Reply, Msgqueue =  [] process= 0
2024-6-12 2:51:44  : check Reply, Msgqueue =  [] process= 0
2024-6-12 2:51:44  : check Reply, Msgqueue =  [] process= 0
2024-6-12 2:51:47  : check Reply, Msgqueue =  [] process= 0
2024-6-12 2:51:47  : Check New Message Response( 74 ) =  [ { status: 'false' } ]
status= false
2024-6-12 2:51:48  : check Reply, Msgqueue =  [] process= 0
2024-6-12 2:51:48  : check Reply, Msgqueue =  [] process= 0
2024-6-12 2:51:48  : Check New Message Response( 75 ) =  [ { status: 'false' } ]
status= false
2024-6-12 2:51:51  : check Reply, Msgqueue =  [] process= 0
2024-6-12 2:51:52  : check Reply, Msgqueue =  [] process= 0
2024-6-12 2:51:52  : check Reply, Msgqueue =  [] process= 0
2024-6-12 2:51:55  : check Reply, Msgqueue =  [] process= 0
2024-6-12 2:51:55  : Check New Message Response( 76 ) =  [ { status: 'false' } ]
status= false
2024-6-12 2:51:56  : check Reply, Msgqueue =  [] process= 0
2024-6-12 2:51:56  : check Reply, Msgqueue =  [] process= 0
2024-6-12 2:51:56  : Check New Message Response( 77 ) =  [ { status: 'false' } ]
status= false
2024-6-12 2:51:59  : check Reply, Msgqueue =  [] process= 0
2024-6-12 2:52:0  : check Reply, Msgqueue =  [] process= 0
2024-6-12 2:52:0  : check Reply, Msgqueue =  [] process= 0
2024-6-12 2:52:3  : check Reply, Msgqueue =  [] process= 0
2024-6-12 2:52:3  : Check New Message Response( 78 ) =  [ { status: 'false' } ]
status= false
2024-6-12 2:52:4  : check Reply, Msgqueue =  [] process= 0
2024-6-12 2:52:4  : check Reply, Msgqueue =  [] process= 0
2024-6-12 2:52:4  : Check New Message Response( 79 ) =  [ { status: 'false' } ]
status= false
2024-6-12 2:52:7  : check Reply, Msgqueue =  [] process= 0
2024-6-12 2:52:8  : check Reply, Msgqueue =  [] process= 0
2024-6-12 2:52:8  : check Reply, Msgqueue =  [] process= 0
2024-6-12 2:52:11  : check Reply, Msgqueue =  [] process= 0
2024-6-12 2:52:11  : Check New Message Response( 80 ) =  [ { status: 'false' } ]
status= false
2024-6-12 2:52:12  : check Reply, Msgqueue =  [] process= 0
2024-6-12 2:52:12  : check Reply, Msgqueue =  [] process= 0
2024-6-12 2:52:12  : Check New Message Response( 81 ) =  [ { status: 'false' } ]
status= false
2024-6-12 2:52:15  : check Reply, Msgqueue =  [] process= 0
2024-6-12 2:52:16  : check Reply, Msgqueue =  [] process= 0
2024-6-12 2:52:16  : check Reply, Msgqueue =  [] process= 0
2024-6-12 2:52:19  : check Reply, Msgqueue =  [] process= 0
2024-6-12 2:52:19  : Check New Message Response( 82 ) =  [ { status: 'false' } ]
status= false
2024-6-12 2:52:20  : check Reply, Msgqueue =  [] process= 0
2024-6-12 2:52:20  : check Reply, Msgqueue =  [] process= 0
2024-6-12 2:52:20  : Check New Message Response( 83 ) =  [ { status: 'false' } ]
status= false
2024-6-12 2:52:23  : check Reply, Msgqueue =  [] process= 0
2024-6-12 2:52:24  : check Reply, Msgqueue =  [] process= 0
2024-6-12 2:52:24  : check Reply, Msgqueue =  [] process= 0
2024-6-12 2:52:27  : check Reply, Msgqueue =  [] process= 0
2024-6-12 2:52:27  : Check New Message Response( 84 ) =  [ { status: 'false' } ]
status= false
2024-6-12 2:52:28  : check Reply, Msgqueue =  [] process= 0
2024-6-12 2:52:28  : check Reply, Msgqueue =  [] process= 0
2024-6-12 2:52:28  : Check New Message Response( 85 ) =  [ { status: 'false' } ]
status= false
2024-6-12 2:52:31  : check Reply, Msgqueue =  [] process= 0
2024-6-12 2:52:32  : check Reply, Msgqueue =  [] process= 0
2024-6-12 2:52:32  : check Reply, Msgqueue =  [] process= 0
2024-6-12 2:52:35  : check Reply, Msgqueue =  [] process= 0
2024-6-12 2:52:35  : Check New Message Response( 86 ) =  [ { status: 'false' } ]
status= false
2024-6-12 2:52:36  : check Reply, Msgqueue =  [] process= 0
2024-6-12 2:52:36  : check Reply, Msgqueue =  [] process= 0
2024-6-12 2:52:36  : Check New Message Response( 87 ) =  [ { status: 'false' } ]
status= false
2024-6-12 2:52:39  : check Reply, Msgqueue =  [] process= 0
2024-6-12 2:52:40  : check Reply, Msgqueue =  [] process= 0
2024-6-12 2:52:40  : check Reply, Msgqueue =  [] process= 0
2024-6-12 2:52:43  : check Reply, Msgqueue =  [] process= 0
2024-6-12 2:52:43  : Check New Message Response( 88 ) =  [ { status: 'false' } ]
status= false
2024-6-12 2:52:44  : check Reply, Msgqueue =  [] process= 0
2024-6-12 2:52:44  : check Reply, Msgqueue =  [] process= 0
2024-6-12 2:52:45  : Check New Message Response( 89 ) =  [ { status: 'false' } ]
status= false
2024-6-12 2:52:47  : check Reply, Msgqueue =  [] process= 0
2024-6-12 2:52:48  : check Reply, Msgqueue =  [] process= 0
2024-6-12 2:52:48  : check Reply, Msgqueue =  [] process= 0
2024-6-12 2:52:51  : check Reply, Msgqueue =  [] process= 0
2024-6-12 2:52:51  : Check New Message Response( 90 ) =  [ { status: 'false' } ]
status= false
2024-6-12 2:52:52  : check Reply, Msgqueue =  [] process= 0
2024-6-12 2:52:52  : check Reply, Msgqueue =  [] process= 0
2024-6-12 2:52:53  : Check New Message Response( 91 ) =  [ { status: 'false' } ]
status= false
2024-6-12 2:52:55  : check Reply, Msgqueue =  [] process= 0
2024-6-12 2:52:56  : check Reply, Msgqueue =  [] process= 0
2024-6-12 2:52:56  : check Reply, Msgqueue =  [] process= 0
2024-6-12 2:52:59  : check Reply, Msgqueue =  [] process= 0
2024-6-12 2:52:59  : Check New Message Response( 92 ) =  [ { status: 'false' } ]
status= false
2024-6-12 2:53:0  : check Reply, Msgqueue =  [] process= 0
2024-6-12 2:53:0  : check Reply, Msgqueue =  [] process= 0
2024-6-12 2:53:1  : Check New Message Response( 93 ) =  [ { status: 'false' } ]
status= false
2024-6-12 2:53:3  : check Reply, Msgqueue =  [] process= 0
2024-6-12 2:53:4  : check Reply, Msgqueue =  [] process= 0
2024-6-12 2:53:4  : check Reply, Msgqueue =  [] process= 0
2024-6-12 2:53:7  : check Reply, Msgqueue =  [] process= 0
2024-6-12 2:53:7  : Check New Message Response( 94 ) =  [ { status: 'false' } ]
status= false
2024-6-12 2:53:8  : check Reply, Msgqueue =  [] process= 0
2024-6-12 2:53:8  : check Reply, Msgqueue =  [] process= 0
2024-6-12 2:53:9  : Check New Message Response( 95 ) =  [ { status: 'false' } ]
status= false
2024-6-12 2:53:11  : check Reply, Msgqueue =  [] process= 0
2024-6-12 2:53:12  : check Reply, Msgqueue =  [] process= 0
2024-6-12 2:53:12  : check Reply, Msgqueue =  [] process= 0
2024-6-12 2:53:15  : check Reply, Msgqueue =  [] process= 0
2024-6-12 2:53:15  : Check New Message Response( 96 ) =  [ { status: 'false' } ]
status= false
2024-6-12 2:53:16  : check Reply, Msgqueue =  [] process= 0
2024-6-12 2:53:16  : check Reply, Msgqueue =  [] process= 0
2024-6-12 2:53:17  : Check New Message Response( 97 ) =  [ { status: 'false' } ]
status= false
2024-6-12 2:53:19  : check Reply, Msgqueue =  [] process= 0
2024-6-12 2:53:20  : check Reply, Msgqueue =  [] process= 0
2024-6-12 2:53:20  : check Reply, Msgqueue =  [] process= 0
2024-6-12 2:53:23  : check Reply, Msgqueue =  [] process= 0
2024-6-12 2:53:23  : Check New Message Response( 98 ) =  [ { status: 'false' } ]
status= false
2024-6-12 2:53:24  : check Reply, Msgqueue =  [] process= 0
2024-6-12 2:53:24  : check Reply, Msgqueue =  [] process= 0
2024-6-12 2:53:25  : Check New Message Response( 99 ) =  [ { status: 'false' } ]
status= false
2024-6-12 2:53:27  : check Reply, Msgqueue =  [] process= 0
2024-6-12 2:53:28  : check Reply, Msgqueue =  [] process= 0
2024-6-12 2:53:28  : check Reply, Msgqueue =  [] process= 0
2024-6-12 2:53:31  : check Reply, Msgqueue =  [] process= 0
2024-6-12 2:53:31  : Check New Message Response( 100 ) =  [ { status: 'false' } ]
status= false
2024-6-12 2:53:32  : check Reply, Msgqueue =  [] process= 0
2024-6-12 2:53:32  : check Reply, Msgqueue =  [] process= 0
2024-6-12 2:53:33  : Check New Message Response( 101 ) =  [ { status: 'false' } ]
status= false
2024-6-12 2:53:35  : check Reply, Msgqueue =  [] process= 0
2024-6-12 2:53:36  : check Reply, Msgqueue =  [] process= 0
2024-6-12 2:53:36  : check Reply, Msgqueue =  [] process= 0
2024-6-12 2:53:39  : check Reply, Msgqueue =  [] process= 0
2024-6-12 2:53:39  : Check New Message Response( 102 ) =  [ { status: 'false' } ]
status= false
2024-6-12 2:53:40  : check Reply, Msgqueue =  [] process= 0
2024-6-12 2:53:40  : check Reply, Msgqueue =  [] process= 0
2024-6-12 2:53:41  : Check New Message Response( 103 ) =  [ { status: 'false' } ]
status= false
2024-6-12 2:53:43  : check Reply, Msgqueue =  [] process= 0
2024-6-12 2:53:44  : check Reply, Msgqueue =  [] process= 0
2024-6-12 2:53:44  : check Reply, Msgqueue =  [] process= 0
2024-6-12 2:53:47  : check Reply, Msgqueue =  [] process= 0
2024-6-12 2:53:47  : Check New Message Response( 104 ) =  [ { status: 'false' } ]
status= false
2024-6-12 2:53:48  : check Reply, Msgqueue =  [] process= 0
2024-6-12 2:53:48  : check Reply, Msgqueue =  [] process= 0
2024-6-12 2:53:49  : Check New Message Response( 105 ) =  [ { status: 'false' } ]
status= false
2024-6-12 2:53:51  : check Reply, Msgqueue =  [] process= 0
2024-6-12 2:53:52  : check Reply, Msgqueue =  [] process= 0
2024-6-12 2:53:52  : check Reply, Msgqueue =  [] process= 0
2024-6-12 2:53:55  : check Reply, Msgqueue =  [] process= 0
2024-6-12 2:53:55  : Check New Message Response( 106 ) =  [ { status: 'false' } ]
status= false
2024-6-12 2:53:56  : check Reply, Msgqueue =  [] process= 0
2024-6-12 2:53:56  : check Reply, Msgqueue =  [] process= 0
2024-6-12 2:53:57  : Check New Message Response( 107 ) =  [ { status: 'false' } ]
status= false
2024-6-12 2:53:59  : check Reply, Msgqueue =  [] process= 0
2024-6-12 2:54:0  : check Reply, Msgqueue =  [] process= 0
2024-6-12 2:54:0  : check Reply, Msgqueue =  [] process= 0
2024-6-12 2:54:3  : check Reply, Msgqueue =  [] process= 0
2024-6-12 2:54:3  : Check New Message Response( 108 ) =  [ { status: 'false' } ]
status= false
2024-6-12 2:54:4  : check Reply, Msgqueue =  [] process= 0
2024-6-12 2:54:4  : check Reply, Msgqueue =  [] process= 0
2024-6-12 2:54:5  : Check New Message Response( 109 ) =  [ { status: 'false' } ]
status= false
2024-6-12 2:54:7  : check Reply, Msgqueue =  [] process= 0
2024-6-12 2:54:8  : check Reply, Msgqueue =  [] process= 0
2024-6-12 2:54:8  : check Reply, Msgqueue =  [] process= 0
2024-6-12 2:54:11  : check Reply, Msgqueue =  [] process= 0
2024-6-12 2:54:11  : Check New Message Response( 110 ) =  [ { status: 'false' } ]
status= false
2024-6-12 2:54:12  : check Reply, Msgqueue =  [] process= 0
2024-6-12 2:54:12  : check Reply, Msgqueue =  [] process= 0
2024-6-12 2:54:13  : Check New Message Response( 111 ) =  [ { status: 'false' } ]
status= false
2024-6-12 2:54:15  : check Reply, Msgqueue =  [] process= 0
2024-6-12 2:54:16  : check Reply, Msgqueue =  [] process= 0
2024-6-12 2:54:16  : check Reply, Msgqueue =  [] process= 0
2024-6-12 2:54:19  : check Reply, Msgqueue =  [] process= 0
2024-6-12 2:54:19  : Check New Message Response( 112 ) =  [ { status: 'false' } ]
status= false
2024-6-12 2:54:20  : check Reply, Msgqueue =  [] process= 0
2024-6-12 2:54:20  : check Reply, Msgqueue =  [] process= 0
2024-6-12 2:54:21  : Check New Message Response( 113 ) =  [ { status: 'false' } ]
status= false
2024-6-12 2:54:23  : check Reply, Msgqueue =  [] process= 0
2024-6-12 2:54:24  : check Reply, Msgqueue =  [] process= 0
2024-6-12 2:54:24  : check Reply, Msgqueue =  [] process= 0
2024-6-12 2:54:27  : check Reply, Msgqueue =  [] process= 0
2024-6-12 2:54:27  : Check New Message Response( 114 ) =  [ { status: 'false' } ]
status= false
2024-6-12 2:54:28  : check Reply, Msgqueue =  [] process= 0
2024-6-12 2:54:28  : check Reply, Msgqueue =  [] process= 0
2024-6-12 2:54:29  : Check New Message Response( 115 ) =  [ { status: 'false' } ]
status= false
2024-6-12 2:54:31  : check Reply, Msgqueue =  [] process= 0
2024-6-12 2:54:32  : check Reply, Msgqueue =  [] process= 0
2024-6-12 2:54:32  : check Reply, Msgqueue =  [] process= 0
2024-6-12 2:54:35  : check Reply, Msgqueue =  [] process= 0
2024-6-12 2:54:35  : Check New Message Response( 116 ) =  [ { status: 'false' } ]
status= false
2024-6-12 2:54:36  : check Reply, Msgqueue =  [] process= 0
2024-6-12 2:54:36  : check Reply, Msgqueue =  [] process= 0
2024-6-12 2:54:37  : Check New Message Response( 117 ) =  [ { status: 'false' } ]
status= false
2024-6-12 2:54:39  : check Reply, Msgqueue =  [] process= 0
2024-6-12 2:54:40  : check Reply, Msgqueue =  [] process= 0
2024-6-12 2:54:40  : check Reply, Msgqueue =  [] process= 0
2024-6-12 2:54:43  : check Reply, Msgqueue =  [] process= 0
2024-6-12 2:54:43  : Check New Message Response( 118 ) =  [ { status: 'false' } ]
status= false
2024-6-12 2:54:44  : check Reply, Msgqueue =  [] process= 0
2024-6-12 2:54:44  : check Reply, Msgqueue =  [] process= 0
2024-6-12 2:54:45  : Check New Message Response( 119 ) =  [ { status: 'false' } ]
status= false
2024-6-12 2:54:47  : check Reply, Msgqueue =  [] process= 0
2024-6-12 2:54:48  : check Reply, Msgqueue =  [] process= 0
2024-6-12 2:54:48  : check Reply, Msgqueue =  [] process= 0
2024-6-12 2:54:51  : check Reply, Msgqueue =  [] process= 0
2024-6-12 2:54:51  : Check New Message Response( 120 ) =  [ { status: 'false' } ]
status= false
2024-6-12 2:54:52  : check Reply, Msgqueue =  [] process= 0
2024-6-12 2:54:52  : check Reply, Msgqueue =  [] process= 0
2024-6-12 2:54:53  : Check New Message Response( 121 ) =  [ { status: 'false' } ]
status= false
2024-6-12 2:54:55  : check Reply, Msgqueue =  [] process= 0
2024-6-12 2:54:56  : check Reply, Msgqueue =  [] process= 0
2024-6-12 2:54:56  : check Reply, Msgqueue =  [] process= 0
2024-6-12 2:54:59  : check Reply, Msgqueue =  [] process= 0
2024-6-12 2:54:59  : Check New Message Response( 122 ) =  [ { status: 'false' } ]
status= false
2024-6-12 2:55:0  : check Reply, Msgqueue =  [] process= 0
2024-6-12 2:55:0  : check Reply, Msgqueue =  [] process= 0
2024-6-12 2:55:1  : Check New Message Response( 123 ) =  [ { status: 'false' } ]
status= false
2024-6-12 2:55:3  : check Reply, Msgqueue =  [] process= 0
2024-6-12 2:55:4  : check Reply, Msgqueue =  [] process= 0
2024-6-12 2:55:4  : check Reply, Msgqueue =  [] process= 0
2024-6-12 2:55:7  : check Reply, Msgqueue =  [] process= 0
2024-6-12 2:55:7  : Check New Message Response( 124 ) =  [ { status: 'false' } ]
status= false
2024-6-12 2:55:8  : check Reply, Msgqueue =  [] process= 0
2024-6-12 2:55:8  : check Reply, Msgqueue =  [] process= 0
2024-6-12 2:55:9  : Check New Message Response( 125 ) =  [ { status: 'false' } ]
status= false
2024-6-12 2:55:11  : check Reply, Msgqueue =  [] process= 0
2024-6-12 2:55:12  : check Reply, Msgqueue =  [] process= 0
2024-6-12 2:55:12  : check Reply, Msgqueue =  [] process= 0
2024-6-12 2:55:15  : check Reply, Msgqueue =  [] process= 0
2024-6-12 2:55:15  : Check New Message Response( 126 ) =  [ { status: 'false' } ]
status= false
2024-6-12 2:55:16  : check Reply, Msgqueue =  [] process= 0
2024-6-12 2:55:16  : check Reply, Msgqueue =  [] process= 0
2024-6-12 2:55:17  : Check New Message Response( 127 ) =  [ { status: 'false' } ]
status= false
2024-6-12 2:55:19  : check Reply, Msgqueue =  [] process= 0
2024-6-12 2:55:20  : check Reply, Msgqueue =  [] process= 0
2024-6-12 2:55:20  : check Reply, Msgqueue =  [] process= 0
2024-6-12 2:55:23  : check Reply, Msgqueue =  [] process= 0
2024-6-12 2:55:23  : Check New Message Response( 128 ) =  [ { status: 'false' } ]
status= false
2024-6-12 2:55:24  : check Reply, Msgqueue =  [] process= 0
2024-6-12 2:55:24  : check Reply, Msgqueue =  [] process= 0
2024-6-12 2:55:25  : Check New Message Response( 129 ) =  [ { status: 'false' } ]
status= false
2024-6-12 2:55:27  : check Reply, Msgqueue =  [] process= 0
2024-6-12 2:55:28  : check Reply, Msgqueue =  [] process= 0
2024-6-12 2:55:28  : check Reply, Msgqueue =  [] process= 0
2024-6-12 2:55:31  : check Reply, Msgqueue =  [] process= 0
2024-6-12 2:55:31  : Check New Message Response( 130 ) =  [ { status: 'false' } ]
status= false
2024-6-12 2:55:32  : check Reply, Msgqueue =  [] process= 0
2024-6-12 2:55:32  : check Reply, Msgqueue =  [] process= 0
2024-6-12 2:55:33  : Check New Message Response( 131 ) =  [ { status: 'false' } ]
status= false
2024-6-12 2:55:35  : check Reply, Msgqueue =  [] process= 0
2024-6-12 2:55:36  : check Reply, Msgqueue =  [] process= 0
2024-6-12 2:55:36  : check Reply, Msgqueue =  [] process= 0
2024-6-12 2:55:39  : check Reply, Msgqueue =  [] process= 0
2024-6-12 2:55:39  : Check New Message Response( 132 ) =  [ { status: 'false' } ]
status= false
2024-6-12 2:55:40  : check Reply, Msgqueue =  [] process= 0
2024-6-12 2:55:40  : check Reply, Msgqueue =  [] process= 0
2024-6-12 2:55:41  : Check New Message Response( 133 ) =  [ { status: 'false' } ]
status= false
2024-6-12 2:55:43  : check Reply, Msgqueue =  [] process= 0
2024-6-12 2:55:44  : check Reply, Msgqueue =  [] process= 0
2024-6-12 2:55:44  : check Reply, Msgqueue =  [] process= 0
2024-6-12 2:55:47  : check Reply, Msgqueue =  [] process= 0
2024-6-12 2:55:47  : Check New Message Response( 134 ) =  [ { status: 'false' } ]
status= false
2024-6-12 2:55:48  : check Reply, Msgqueue =  [] process= 0
2024-6-12 2:55:48  : check Reply, Msgqueue =  [] process= 0
2024-6-12 2:55:49  : Check New Message Response( 135 ) =  [ { status: 'false' } ]
status= false
2024-6-12 2:55:51  : check Reply, Msgqueue =  [] process= 0
2024-6-12 2:55:52  : check Reply, Msgqueue =  [] process= 0
2024-6-12 2:55:52  : check Reply, Msgqueue =  [] process= 0
2024-6-12 2:55:55  : check Reply, Msgqueue =  [] process= 0
2024-6-12 2:55:55  : Check New Message Response( 136 ) =  [ { status: 'false' } ]
status= false
2024-6-12 2:55:56  : check Reply, Msgqueue =  [] process= 0
2024-6-12 2:55:56  : check Reply, Msgqueue =  [] process= 0
2024-6-12 2:55:57  : Check New Message Response( 137 ) =  [ { status: 'false' } ]
status= false
2024-6-12 2:55:59  : check Reply, Msgqueue =  [] process= 0
2024-6-12 2:56:0  : check Reply, Msgqueue =  [] process= 0
2024-6-12 2:56:0  : check Reply, Msgqueue =  [] process= 0
2024-6-12 2:56:3  : check Reply, Msgqueue =  [] process= 0
2024-6-12 2:56:3  : Check New Message Response( 138 ) =  [ { status: 'false' } ]
status= false
2024-6-12 2:56:4  : check Reply, Msgqueue =  [] process= 0
2024-6-12 2:56:4  : check Reply, Msgqueue =  [] process= 0
2024-6-12 2:56:5  : Check New Message Response( 139 ) =  [ { status: 'false' } ]
status= false
2024-6-12 2:56:7  : check Reply, Msgqueue =  [] process= 0
2024-6-12 2:56:8  : check Reply, Msgqueue =  [] process= 0
2024-6-12 2:56:8  : check Reply, Msgqueue =  [] process= 0
2024-6-12 2:56:11  : check Reply, Msgqueue =  [] process= 0
2024-6-12 2:56:11  : Check New Message Response( 140 ) =  [ { status: 'false' } ]
status= false
2024-6-12 2:56:12  : check Reply, Msgqueue =  [] process= 0
2024-6-12 2:56:12  : check Reply, Msgqueue =  [] process= 0
2024-6-12 2:56:13  : Check New Message Response( 141 ) =  [ { status: 'false' } ]
status= false
2024-6-12 2:56:15  : check Reply, Msgqueue =  [] process= 0
2024-6-12 2:56:16  : check Reply, Msgqueue =  [] process= 0
2024-6-12 2:56:16  : check Reply, Msgqueue =  [] process= 0
2024-6-12 2:56:19  : check Reply, Msgqueue =  [] process= 0
2024-6-12 2:56:19  : Check New Message Response( 142 ) =  [ { status: 'false' } ]
status= false
2024-6-12 2:56:20  : check Reply, Msgqueue =  [] process= 0
2024-6-12 2:56:20  : check Reply, Msgqueue =  [] process= 0
2024-6-12 2:56:21  : Check New Message Response( 143 ) =  [ { status: 'false' } ]
status= false
2024-6-12 2:56:23  : check Reply, Msgqueue =  [] process= 0
2024-6-12 2:56:24  : check Reply, Msgqueue =  [] process= 0
2024-6-12 2:56:24  : check Reply, Msgqueue =  [] process= 0
2024-6-12 2:56:27  : check Reply, Msgqueue =  [] process= 0
2024-6-12 2:56:27  : Check New Message Response( 144 ) =  [ { status: 'false' } ]
status= false
2024-6-12 2:56:28  : check Reply, Msgqueue =  [] process= 0
2024-6-12 2:56:28  : check Reply, Msgqueue =  [] process= 0
2024-6-12 2:56:29  : Check New Message Response( 145 ) =  [ { status: 'false' } ]
status= false
2024-6-12 2:56:31  : check Reply, Msgqueue =  [] process= 0
2024-6-12 2:56:32  : check Reply, Msgqueue =  [] process= 0
2024-6-12 2:56:32  : check Reply, Msgqueue =  [] process= 0
2024-6-12 2:56:35  : check Reply, Msgqueue =  [] process= 0
2024-6-12 2:56:35  : Check New Message Response( 146 ) =  [ { status: 'false' } ]
status= false
2024-6-12 2:56:36  : check Reply, Msgqueue =  [] process= 0
2024-6-12 2:56:36  : check Reply, Msgqueue =  [] process= 0
2024-6-12 2:56:37  : Check New Message Response( 147 ) =  [ { status: 'false' } ]
status= false
2024-6-12 2:56:39  : check Reply, Msgqueue =  [] process= 0
2024-6-12 2:56:40  : check Reply, Msgqueue =  [] process= 0
2024-6-12 2:56:40  : check Reply, Msgqueue =  [] process= 0
2024-6-12 2:56:43  : check Reply, Msgqueue =  [] process= 0
2024-6-12 2:56:43  : Check New Message Response( 148 ) =  [ { status: 'false' } ]
status= false
2024-6-12 2:56:44  : check Reply, Msgqueue =  [] process= 0
2024-6-12 2:56:44  : check Reply, Msgqueue =  [] process= 0
2024-6-12 2:56:45  : Check New Message Response( 149 ) =  [ { status: 'false' } ]
status= false
2024-6-12 2:56:47  : check Reply, Msgqueue =  [] process= 0
2024-6-12 2:56:48  : check Reply, Msgqueue =  [] process= 0
2024-6-12 2:56:48  : check Reply, Msgqueue =  [] process= 0
2024-6-12 2:56:51  : check Reply, Msgqueue =  [] process= 0
2024-6-12 2:56:51  : Check New Message Response( 150 ) =  [ { status: 'false' } ]
status= false
2024-6-12 2:56:52  : check Reply, Msgqueue =  [] process= 0
2024-6-12 2:56:52  : check Reply, Msgqueue =  [] process= 0
2024-6-12 2:56:53  : Check New Message Response( 151 ) =  [ { status: 'false' } ]
status= false
2024-6-12 2:56:55  : check Reply, Msgqueue =  [] process= 0
2024-6-12 2:56:56  : check Reply, Msgqueue =  [] process= 0
2024-6-12 2:56:56  : check Reply, Msgqueue =  [] process= 0
2024-6-12 2:56:59  : check Reply, Msgqueue =  [] process= 0
2024-6-12 2:56:59  : Check New Message Response( 152 ) =  [ { status: 'false' } ]
status= false
2024-6-12 2:57:0  : check Reply, Msgqueue =  [] process= 0
2024-6-12 2:57:0  : check Reply, Msgqueue =  [] process= 0
2024-6-12 2:57:1  : Check New Message Response( 153 ) =  [ { status: 'false' } ]
status= false
2024-6-12 2:57:3  : check Reply, Msgqueue =  [] process= 0
2024-6-12 2:57:4  : check Reply, Msgqueue =  [] process= 0
2024-6-12 2:57:4  : check Reply, Msgqueue =  [] process= 0
2024-6-12 2:57:7  : check Reply, Msgqueue =  [] process= 0
2024-6-12 2:57:7  : Check New Message Response( 154 ) =  [ { status: 'false' } ]
status= false
2024-6-12 2:57:8  : check Reply, Msgqueue =  [] process= 0
2024-6-12 2:57:8  : check Reply, Msgqueue =  [] process= 0
2024-6-12 2:57:9  : Check New Message Response( 155 ) =  [ { status: 'false' } ]
status= false
2024-6-12 2:57:11  : check Reply, Msgqueue =  [] process= 0
2024-6-12 2:57:12  : check Reply, Msgqueue =  [] process= 0
2024-6-12 2:57:12  : check Reply, Msgqueue =  [] process= 0
2024-6-12 2:57:15  : check Reply, Msgqueue =  [] process= 0
2024-6-12 2:57:15  : Check New Message Response( 156 ) =  [ { status: 'false' } ]
status= false
2024-6-12 2:57:16  : check Reply, Msgqueue =  [] process= 0
2024-6-12 2:57:16  : check Reply, Msgqueue =  [] process= 0
2024-6-12 2:57:17  : Check New Message Response( 157 ) =  [ { status: 'false' } ]
status= false
2024-6-12 2:57:19  : check Reply, Msgqueue =  [] process= 0
2024-6-12 2:57:20  : check Reply, Msgqueue =  [] process= 0
2024-6-12 2:57:20  : check Reply, Msgqueue =  [] process= 0
2024-6-12 2:57:23  : check Reply, Msgqueue =  [] process= 0
2024-6-12 2:57:23  : Check New Message Response( 158 ) =  [ { status: 'false' } ]
status= false
2024-6-12 2:57:24  : check Reply, Msgqueue =  [] process= 0
2024-6-12 2:57:24  : check Reply, Msgqueue =  [] process= 0
2024-6-12 2:57:25  : Check New Message Response( 159 ) =  [ { status: 'false' } ]
status= false
2024-6-12 2:57:27  : check Reply, Msgqueue =  [] process= 0
2024-6-12 2:57:28  : check Reply, Msgqueue =  [] process= 0
2024-6-12 2:57:28  : check Reply, Msgqueue =  [] process= 0
2024-6-12 2:57:31  : check Reply, Msgqueue =  [] process= 0
2024-6-12 2:57:31  : Check New Message Response( 160 ) =  [ { status: 'false' } ]
status= false
2024-6-12 2:57:32  : check Reply, Msgqueue =  [] process= 0
2024-6-12 2:57:32  : check Reply, Msgqueue =  [] process= 0
2024-6-12 2:57:33  : Check New Message Response( 161 ) =  [ { status: 'false' } ]
status= false
2024-6-12 2:57:35  : check Reply, Msgqueue =  [] process= 0
2024-6-12 2:57:36  : check Reply, Msgqueue =  [] process= 0
2024-6-12 2:57:36  : check Reply, Msgqueue =  [] process= 0
2024-6-12 2:57:39  : check Reply, Msgqueue =  [] process= 0
2024-6-12 2:57:39  : Check New Message Response( 162 ) =  [ { status: 'false' } ]
status= false
2024-6-12 2:57:40  : check Reply, Msgqueue =  [] process= 0
2024-6-12 2:57:40  : check Reply, Msgqueue =  [] process= 0
2024-6-12 2:57:41  : Check New Message Response( 163 ) =  [ { status: 'false' } ]
status= false
2024-6-12 2:57:43  : check Reply, Msgqueue =  [] process= 0
2024-6-12 2:57:44  : check Reply, Msgqueue =  [] process= 0
2024-6-12 2:57:44  : check Reply, Msgqueue =  [] process= 0
2024-6-12 2:57:47  : check Reply, Msgqueue =  [] process= 0
2024-6-12 2:57:47  : Check New Message Response( 164 ) =  [ { status: 'false' } ]
status= false
2024-6-12 2:57:48  : check Reply, Msgqueue =  [] process= 0
2024-6-12 2:57:48  : check Reply, Msgqueue =  [] process= 0
2024-6-12 2:57:49  : Check New Message Response( 165 ) =  [ { status: 'false' } ]
status= false
2024-6-12 2:57:51  : check Reply, Msgqueue =  [] process= 0
2024-6-12 2:57:52  : check Reply, Msgqueue =  [] process= 0
2024-6-12 2:57:52  : check Reply, Msgqueue =  [] process= 0
2024-6-12 2:57:55  : check Reply, Msgqueue =  [] process= 0
2024-6-12 2:57:55  : Check New Message Response( 166 ) =  [ { status: 'false' } ]
status= false
2024-6-12 2:57:56  : check Reply, Msgqueue =  [] process= 0
2024-6-12 2:57:56  : check Reply, Msgqueue =  [] process= 0
2024-6-12 2:57:57  : Check New Message Response( 167 ) =  [ { status: 'false' } ]
status= false
2024-6-12 2:57:59  : check Reply, Msgqueue =  [] process= 0
2024-6-12 2:58:0  : check Reply, Msgqueue =  [] process= 0
2024-6-12 2:58:0  : check Reply, Msgqueue =  [] process= 0
2024-6-12 2:58:3  : check Reply, Msgqueue =  [] process= 0
2024-6-12 2:58:3  : Check New Message Response( 168 ) =  [ { status: 'false' } ]
status= false
2024-6-12 2:58:4  : check Reply, Msgqueue =  [] process= 0
2024-6-12 2:58:4  : check Reply, Msgqueue =  [] process= 0
2024-6-12 2:58:5  : Check New Message Response( 169 ) =  [ { status: 'false' } ]
status= false
2024-6-12 2:58:7  : check Reply, Msgqueue =  [] process= 0
2024-6-12 2:58:8  : check Reply, Msgqueue =  [] process= 0
2024-6-12 2:58:8  : check Reply, Msgqueue =  [] process= 0
2024-6-12 2:58:11  : check Reply, Msgqueue =  [] process= 0
2024-6-12 2:58:11  : Check New Message Response( 170 ) =  [ { status: 'false' } ]
status= false
2024-6-12 2:58:12  : check Reply, Msgqueue =  [] process= 0
2024-6-12 2:58:12  : check Reply, Msgqueue =  [] process= 0
2024-6-12 2:58:13  : Check New Message Response( 171 ) =  [ { status: 'false' } ]
status= false
2024-6-12 2:58:15  : check Reply, Msgqueue =  [] process= 0
2024-6-12 2:58:16  : check Reply, Msgqueue =  [] process= 0
2024-6-12 2:58:16  : check Reply, Msgqueue =  [] process= 0
2024-6-12 2:58:19  : check Reply, Msgqueue =  [] process= 0
2024-6-12 2:58:19  : Check New Message Response( 172 ) =  [ { status: 'false' } ]
status= false
2024-6-12 2:58:20  : check Reply, Msgqueue =  [] process= 0
2024-6-12 2:58:20  : check Reply, Msgqueue =  [] process= 0
2024-6-12 2:58:21  : Check New Message Response( 173 ) =  [ { status: 'false' } ]
status= false
2024-6-12 2:58:23  : check Reply, Msgqueue =  [] process= 0
2024-6-12 2:58:24  : check Reply, Msgqueue =  [] process= 0
2024-6-12 2:58:24  : check Reply, Msgqueue =  [] process= 0
2024-6-12 2:58:27  : check Reply, Msgqueue =  [] process= 0
2024-6-12 2:58:27  : Check New Message Response( 174 ) =  [ { status: 'false' } ]
status= false
2024-6-12 2:58:28  : check Reply, Msgqueue =  [] process= 0
2024-6-12 2:58:28  : check Reply, Msgqueue =  [] process= 0
2024-6-12 2:58:29  : Check New Message Response( 175 ) =  [ { status: 'false' } ]
status= false
2024-6-12 2:58:31  : check Reply, Msgqueue =  [] process= 0
2024-6-12 2:58:32  : check Reply, Msgqueue =  [] process= 0
2024-6-12 2:58:32  : check Reply, Msgqueue =  [] process= 0
2024-6-12 2:58:35  : check Reply, Msgqueue =  [] process= 0
2024-6-12 2:58:35  : Check New Message Response( 176 ) =  [ { status: 'false' } ]
status= false
2024-6-12 2:58:36  : check Reply, Msgqueue =  [] process= 0
2024-6-12 2:58:36  : check Reply, Msgqueue =  [] process= 0
2024-6-12 2:58:37  : Check New Message Response( 177 ) =  [ { status: 'false' } ]
status= false
2024-6-12 2:58:39  : check Reply, Msgqueue =  [] process= 0
2024-6-12 2:58:40  : check Reply, Msgqueue =  [] process= 0
2024-6-12 2:58:40  : check Reply, Msgqueue =  [] process= 0
2024-6-12 2:58:43  : check Reply, Msgqueue =  [] process= 0
2024-6-12 2:58:43  : Check New Message Response( 178 ) =  [ { status: 'false' } ]
status= false
2024-6-12 2:58:44  : check Reply, Msgqueue =  [] process= 0
2024-6-12 2:58:44  : check Reply, Msgqueue =  [] process= 0
2024-6-12 2:58:45  : Check New Message Response( 179 ) =  [ { status: 'false' } ]
status= false
2024-6-12 2:58:47  : check Reply, Msgqueue =  [] process= 0
2024-6-12 2:58:48  : check Reply, Msgqueue =  [] process= 0
2024-6-12 2:58:48  : check Reply, Msgqueue =  [] process= 0
2024-6-12 2:58:51  : check Reply, Msgqueue =  [] process= 0
2024-6-12 2:58:51  : Check New Message Response( 180 ) =  [ { status: 'false' } ]
status= false
2024-6-12 2:58:52  : check Reply, Msgqueue =  [] process= 0
2024-6-12 2:58:52  : check Reply, Msgqueue =  [] process= 0
2024-6-12 2:58:53  : Check New Message Response( 181 ) =  [ { status: 'false' } ]
status= false
2024-6-12 2:58:55  : check Reply, Msgqueue =  [] process= 0
2024-6-12 2:58:56  : check Reply, Msgqueue =  [] process= 0
2024-6-12 2:58:56  : check Reply, Msgqueue =  [] process= 0
2024-6-12 2:58:59  : check Reply, Msgqueue =  [] process= 0
2024-6-12 2:58:59  : Check New Message Response( 182 ) =  [ { status: 'false' } ]
status= false
2024-6-12 2:59:0  : check Reply, Msgqueue =  [] process= 0
2024-6-12 2:59:0  : check Reply, Msgqueue =  [] process= 0
2024-6-12 2:59:1  : Check New Message Response( 183 ) =  [ { status: 'false' } ]
status= false
2024-6-12 2:59:3  : check Reply, Msgqueue =  [] process= 0
2024-6-12 2:59:4  : check Reply, Msgqueue =  [] process= 0
2024-6-12 2:59:4  : check Reply, Msgqueue =  [] process= 0
2024-6-12 2:59:7  : check Reply, Msgqueue =  [] process= 0
2024-6-12 2:59:7  : Check New Message Response( 184 ) =  [ { status: 'false' } ]
status= false
2024-6-12 2:59:8  : check Reply, Msgqueue =  [] process= 0
2024-6-12 2:59:8  : check Reply, Msgqueue =  [] process= 0
2024-6-12 2:59:9  : Check New Message Response( 185 ) =  [ { status: 'false' } ]
status= false
2024-6-12 2:59:11  : check Reply, Msgqueue =  [] process= 0
2024-6-12 2:59:12  : check Reply, Msgqueue =  [] process= 0
2024-6-12 2:59:12  : check Reply, Msgqueue =  [] process= 0
2024-6-12 2:59:15  : check Reply, Msgqueue =  [] process= 0
2024-6-12 2:59:15  : Check New Message Response( 186 ) =  [ { status: 'false' } ]
status= false
2024-6-12 2:59:16  : check Reply, Msgqueue =  [] process= 0
2024-6-12 2:59:16  : check Reply, Msgqueue =  [] process= 0
2024-6-12 2:59:17  : Check New Message Response( 187 ) =  [ { status: 'false' } ]
status= false
2024-6-12 2:59:19  : check Reply, Msgqueue =  [] process= 0
2024-6-12 2:59:20  : check Reply, Msgqueue =  [] process= 0
2024-6-12 2:59:20  : check Reply, Msgqueue =  [] process= 0
2024-6-12 2:59:23  : check Reply, Msgqueue =  [] process= 0
2024-6-12 2:59:23  : Check New Message Response( 188 ) =  [ { status: 'false' } ]
status= false
2024-6-12 2:59:24  : check Reply, Msgqueue =  [] process= 0
2024-6-12 2:59:24  : check Reply, Msgqueue =  [] process= 0
2024-6-12 2:59:25  : Check New Message Response( 189 ) =  [ { status: 'false' } ]
status= false
2024-6-12 2:59:27  : check Reply, Msgqueue =  [] process= 0
2024-6-12 2:59:28  : check Reply, Msgqueue =  [] process= 0
2024-6-12 2:59:28  : check Reply, Msgqueue =  [] process= 0
2024-6-12 2:59:31  : check Reply, Msgqueue =  [] process= 0
2024-6-12 2:59:31  : Check New Message Response( 190 ) =  [ { status: 'false' } ]
status= false
2024-6-12 2:59:32  : check Reply, Msgqueue =  [] process= 0
2024-6-12 2:59:32  : check Reply, Msgqueue =  [] process= 0
2024-6-12 2:59:33  : Check New Message Response( 191 ) =  [ { status: 'false' } ]
status= false
2024-6-12 2:59:35  : check Reply, Msgqueue =  [] process= 0
2024-6-12 2:59:36  : check Reply, Msgqueue =  [] process= 0
2024-6-12 2:59:36  : check Reply, Msgqueue =  [] process= 0
2024-6-12 2:59:39  : check Reply, Msgqueue =  [] process= 0
2024-6-12 2:59:39  : Check New Message Response( 192 ) =  [ { status: 'false' } ]
status= false
2024-6-12 2:59:40  : check Reply, Msgqueue =  [] process= 0
2024-6-12 2:59:40  : check Reply, Msgqueue =  [] process= 0
2024-6-12 2:59:41  : Check New Message Response( 193 ) =  [ { status: 'false' } ]
status= false
2024-6-12 2:59:43  : check Reply, Msgqueue =  [] process= 0
2024-6-12 2:59:44  : check Reply, Msgqueue =  [] process= 0
2024-6-12 2:59:44  : check Reply, Msgqueue =  [] process= 0
2024-6-12 2:59:47  : check Reply, Msgqueue =  [] process= 0
2024-6-12 2:59:47  : Check New Message Response( 194 ) =  [ { status: 'false' } ]
status= false
2024-6-12 2:59:48  : check Reply, Msgqueue =  [] process= 0
2024-6-12 2:59:48  : check Reply, Msgqueue =  [] process= 0
2024-6-12 2:59:49  : Check New Message Response( 195 ) =  [ { status: 'false' } ]
status= false
2024-6-12 2:59:51  : check Reply, Msgqueue =  [] process= 0
2024-6-12 2:59:52  : check Reply, Msgqueue =  [] process= 0
2024-6-12 2:59:52  : check Reply, Msgqueue =  [] process= 0
2024-6-12 2:59:55  : check Reply, Msgqueue =  [] process= 0
2024-6-12 2:59:55  : Check New Message Response( 196 ) =  [ { status: 'false' } ]
status= false
2024-6-12 2:59:56  : check Reply, Msgqueue =  [] process= 0
2024-6-12 2:59:56  : check Reply, Msgqueue =  [] process= 0
2024-6-12 2:59:57  : Check New Message Response( 197 ) =  [ { status: 'false' } ]
status= false
2024-6-12 2:59:59  : check Reply, Msgqueue =  [] process= 0
2024-6-12 3:0:0  : check Reply, Msgqueue =  [] process= 0
2024-6-12 3:0:0  : check Reply, Msgqueue =  [] process= 0
2024-6-12 3:0:3  : check Reply, Msgqueue =  [] process= 0
2024-6-12 3:0:3  : Check New Message Response( 198 ) =  [ { status: 'false' } ]
status= false
2024-6-12 3:0:4  : check Reply, Msgqueue =  [] process= 0
2024-6-12 3:0:4  : check Reply, Msgqueue =  [] process= 0
2024-6-12 3:0:5  : Check New Message Response( 199 ) =  [ { status: 'false' } ]
status= false
2024-6-12 3:0:7  : check Reply, Msgqueue =  [] process= 0
2024-6-12 3:0:8  : check Reply, Msgqueue =  [] process= 0
2024-6-12 3:0:8  : check Reply, Msgqueue =  [] process= 0
2024-6-12 3:0:11  : check Reply, Msgqueue =  [] process= 0
2024-6-12 3:0:11  : Check New Message Response( 200 ) =  [ { status: 'false' } ]
status= false
2024-6-12 3:0:12  : check Reply, Msgqueue =  [] process= 0
2024-6-12 3:0:12  : check Reply, Msgqueue =  [] process= 0
2024-6-12 3:0:13  : Check New Message Response( 201 ) =  [ { status: 'false' } ]
status= false
2024-6-12 3:0:15  : check Reply, Msgqueue =  [] process= 0
2024-6-12 3:0:16  : check Reply, Msgqueue =  [] process= 0
2024-6-12 3:0:16  : check Reply, Msgqueue =  [] process= 0
2024-6-12 3:0:19  : check Reply, Msgqueue =  [] process= 0
2024-6-12 3:0:19  : Check New Message Response( 202 ) =  [ { status: 'false' } ]
status= false
2024-6-12 3:0:20  : check Reply, Msgqueue =  [] process= 0
2024-6-12 3:0:20  : check Reply, Msgqueue =  [] process= 0
2024-6-12 3:0:21  : Check New Message Response( 203 ) =  [ { status: 'false' } ]
status= false
2024-6-12 3:0:23  : check Reply, Msgqueue =  [] process= 0
2024-6-12 3:0:24  : check Reply, Msgqueue =  [] process= 0
2024-6-12 3:0:24  : check Reply, Msgqueue =  [] process= 0
2024-6-12 3:0:27  : check Reply, Msgqueue =  [] process= 0
2024-6-12 3:0:27  : Check New Message Response( 204 ) =  [ { status: 'false' } ]
status= false
2024-6-12 3:0:28  : check Reply, Msgqueue =  [] process= 0
2024-6-12 3:0:28  : check Reply, Msgqueue =  [] process= 0
2024-6-12 3:0:29  : Check New Message Response( 205 ) =  [ { status: 'false' } ]
status= false
2024-6-12 3:0:31  : check Reply, Msgqueue =  [] process= 0
2024-6-12 3:0:32  : check Reply, Msgqueue =  [] process= 0
2024-6-12 3:0:32  : check Reply, Msgqueue =  [] process= 0
2024-6-12 3:0:35  : check Reply, Msgqueue =  [] process= 0
2024-6-12 3:0:35  : Check New Message Response( 206 ) =  [ { status: 'false' } ]
status= false
2024-6-12 3:0:36  : check Reply, Msgqueue =  [] process= 0
2024-6-12 3:0:36  : check Reply, Msgqueue =  [] process= 0
2024-6-12 3:0:37  : Check New Message Response( 207 ) =  [ { status: 'false' } ]
status= false
2024-6-12 3:0:39  : check Reply, Msgqueue =  [] process= 0
2024-6-12 3:0:40  : check Reply, Msgqueue =  [] process= 0
2024-6-12 3:0:40  : check Reply, Msgqueue =  [] process= 0
2024-6-12 3:0:43  : check Reply, Msgqueue =  [] process= 0
2024-6-12 3:0:43  : Check New Message Response( 208 ) =  [ { status: 'false' } ]
status= false
2024-6-12 3:0:44  : check Reply, Msgqueue =  [] process= 0
2024-6-12 3:0:44  : check Reply, Msgqueue =  [] process= 0
2024-6-12 3:0:45  : Check New Message Response( 209 ) =  [ { status: 'false' } ]
status= false
2024-6-12 3:0:47  : check Reply, Msgqueue =  [] process= 0
2024-6-12 3:0:48  : check Reply, Msgqueue =  [] process= 0
2024-6-12 3:0:48  : check Reply, Msgqueue =  [] process= 0
2024-6-12 3:0:51  : check Reply, Msgqueue =  [] process= 0
2024-6-12 3:0:51  : Check New Message Response( 210 ) =  [ { status: 'false' } ]
status= false
2024-6-12 3:0:52  : check Reply, Msgqueue =  [] process= 0
2024-6-12 3:0:52  : check Reply, Msgqueue =  [] process= 0
2024-6-12 3:0:53  : Check New Message Response( 211 ) =  [ { status: 'false' } ]
status= false
2024-6-12 3:0:55  : check Reply, Msgqueue =  [] process= 0
2024-6-12 3:0:56  : check Reply, Msgqueue =  [] process= 0
2024-6-12 3:0:56  : check Reply, Msgqueue =  [] process= 0
2024-6-12 3:0:59  : check Reply, Msgqueue =  [] process= 0
2024-6-12 3:0:59  : Check New Message Response( 212 ) =  [ { status: 'false' } ]
status= false
2024-6-12 3:1:0  : check Reply, Msgqueue =  [] process= 0
2024-6-12 3:1:0  : check Reply, Msgqueue =  [] process= 0
2024-6-12 3:1:1  : Check New Message Response( 213 ) =  [ { status: 'false' } ]
status= false
2024-6-12 3:1:3  : check Reply, Msgqueue =  [] process= 0
2024-6-12 3:1:4  : check Reply, Msgqueue =  [] process= 0
2024-6-12 3:1:4  : check Reply, Msgqueue =  [] process= 0
2024-6-12 3:1:7  : check Reply, Msgqueue =  [] process= 0
2024-6-12 3:1:7  : Check New Message Response( 214 ) =  [ { status: 'false' } ]
status= false
2024-6-12 3:1:8  : check Reply, Msgqueue =  [] process= 0
2024-6-12 3:1:8  : check Reply, Msgqueue =  [] process= 0
2024-6-12 3:1:9  : Check New Message Response( 215 ) =  [ { status: 'false' } ]
status= false
2024-6-12 3:1:11  : check Reply, Msgqueue =  [] process= 0
2024-6-12 3:1:12  : check Reply, Msgqueue =  [] process= 0
2024-6-12 3:1:12  : check Reply, Msgqueue =  [] process= 0
2024-6-12 3:1:15  : check Reply, Msgqueue =  [] process= 0
2024-6-12 3:1:15  : Check New Message Response( 216 ) =  [ { status: 'false' } ]
status= false
2024-6-12 3:1:16  : check Reply, Msgqueue =  [] process= 0
2024-6-12 3:1:16  : check Reply, Msgqueue =  [] process= 0
2024-6-12 3:1:17  : Check New Message Response( 217 ) =  [ { status: 'false' } ]
status= false
2024-6-12 3:1:19  : check Reply, Msgqueue =  [] process= 0
2024-6-12 3:1:20  : check Reply, Msgqueue =  [] process= 0
2024-6-12 3:1:20  : check Reply, Msgqueue =  [] process= 0
2024-6-12 3:1:23  : check Reply, Msgqueue =  [] process= 0
2024-6-12 3:1:23  : Check New Message Response( 218 ) =  [ { status: 'false' } ]
status= false
2024-6-12 3:1:24  : check Reply, Msgqueue =  [] process= 0
2024-6-12 3:1:24  : check Reply, Msgqueue =  [] process= 0
2024-6-12 3:1:25  : Check New Message Response( 219 ) =  [ { status: 'false' } ]
status= false
2024-6-12 3:1:27  : check Reply, Msgqueue =  [] process= 0
2024-6-12 3:1:28  : check Reply, Msgqueue =  [] process= 0
2024-6-12 3:1:28  : check Reply, Msgqueue =  [] process= 0
2024-6-12 3:1:31  : check Reply, Msgqueue =  [] process= 0
2024-6-12 3:1:31  : Check New Message Response( 220 ) =  [ { status: 'false' } ]
status= false
2024-6-12 3:1:32  : check Reply, Msgqueue =  [] process= 0
2024-6-12 3:1:32  : check Reply, Msgqueue =  [] process= 0
2024-6-12 3:1:33  : Check New Message Response( 221 ) =  [ { status: 'false' } ]
status= false
2024-6-12 3:1:35  : check Reply, Msgqueue =  [] process= 0
2024-6-12 3:1:36  : check Reply, Msgqueue =  [] process= 0
2024-6-12 3:1:36  : check Reply, Msgqueue =  [] process= 0
2024-6-12 3:1:39  : check Reply, Msgqueue =  [] process= 0
2024-6-12 3:1:39  : Check New Message Response( 222 ) =  [ { status: 'false' } ]
status= false
2024-6-12 3:1:40  : check Reply, Msgqueue =  [] process= 0
2024-6-12 3:1:40  : check Reply, Msgqueue =  [] process= 0
2024-6-12 3:1:41  : Check New Message Response( 223 ) =  [ { status: 'false' } ]
status= false
2024-6-12 3:1:43  : check Reply, Msgqueue =  [] process= 0
2024-6-12 3:1:44  : check Reply, Msgqueue =  [] process= 0
2024-6-12 3:1:44  : check Reply, Msgqueue =  [] process= 0
2024-6-12 3:1:47  : check Reply, Msgqueue =  [] process= 0
2024-6-12 3:1:47  : Check New Message Response( 224 ) =  [ { status: 'false' } ]
status= false
2024-6-12 3:1:48  : check Reply, Msgqueue =  [] process= 0
2024-6-12 3:1:48  : check Reply, Msgqueue =  [] process= 0
2024-6-12 3:1:49  : Check New Message Response( 225 ) =  [ { status: 'false' } ]
status= false
2024-6-12 3:1:51  : check Reply, Msgqueue =  [] process= 0
2024-6-12 3:1:52  : check Reply, Msgqueue =  [] process= 0
2024-6-12 3:1:52  : check Reply, Msgqueue =  [] process= 0
2024-6-12 3:1:55  : check Reply, Msgqueue =  [] process= 0
2024-6-12 3:1:55  : Check New Message Response( 226 ) =  [ { status: 'false' } ]
status= false
2024-6-12 3:1:56  : check Reply, Msgqueue =  [] process= 0
2024-6-12 3:1:56  : check Reply, Msgqueue =  [] process= 0
2024-6-12 3:1:57  : Check New Message Response( 227 ) =  [ { status: 'false' } ]
status= false
2024-6-12 3:1:59  : check Reply, Msgqueue =  [] process= 0
2024-6-12 3:2:0  : check Reply, Msgqueue =  [] process= 0
2024-6-12 3:2:0  : check Reply, Msgqueue =  [] process= 0
2024-6-12 3:2:3  : check Reply, Msgqueue =  [] process= 0
2024-6-12 3:2:3  : Check New Message Response( 228 ) =  [ { status: 'false' } ]
status= false
2024-6-12 3:2:4  : check Reply, Msgqueue =  [] process= 0
2024-6-12 3:2:4  : check Reply, Msgqueue =  [] process= 0
2024-6-12 3:2:5  : Check New Message Response( 229 ) =  [ { status: 'false' } ]
status= false
2024-6-12 3:2:7  : check Reply, Msgqueue =  [] process= 0
2024-6-12 3:2:8  : check Reply, Msgqueue =  [] process= 0
2024-6-12 3:2:8  : check Reply, Msgqueue =  [] process= 0
2024-6-12 3:2:11  : check Reply, Msgqueue =  [] process= 0
2024-6-12 3:2:11  : Check New Message Response( 230 ) =  [ { status: 'false' } ]
status= false
2024-6-12 3:2:12  : check Reply, Msgqueue =  [] process= 0
2024-6-12 3:2:12  : check Reply, Msgqueue =  [] process= 0
2024-6-12 3:2:13  : Check New Message Response( 231 ) =  [ { status: 'false' } ]
status= false
2024-6-12 3:2:15  : check Reply, Msgqueue =  [] process= 0
2024-6-12 3:2:16  : check Reply, Msgqueue =  [] process= 0
2024-6-12 3:2:16  : check Reply, Msgqueue =  [] process= 0
2024-6-12 3:2:19  : check Reply, Msgqueue =  [] process= 0
2024-6-12 3:2:19  : Check New Message Response( 232 ) =  [ { status: 'false' } ]
status= false
2024-6-12 3:2:20  : check Reply, Msgqueue =  [] process= 0
2024-6-12 3:2:20  : check Reply, Msgqueue =  [] process= 0
2024-6-12 3:2:21  : Check New Message Response( 233 ) =  [ { status: 'false' } ]
status= false
2024-6-12 3:2:23  : check Reply, Msgqueue =  [] process= 0
2024-6-12 3:2:24  : check Reply, Msgqueue =  [] process= 0
2024-6-12 3:2:24  : check Reply, Msgqueue =  [] process= 0
2024-6-12 3:2:27  : check Reply, Msgqueue =  [] process= 0
2024-6-12 3:2:27  : Check New Message Response( 234 ) =  [ { status: 'false' } ]
status= false
2024-6-12 3:2:28  : check Reply, Msgqueue =  [] process= 0
2024-6-12 3:2:28  : check Reply, Msgqueue =  [] process= 0
2024-6-12 3:2:29  : Check New Message Response( 235 ) =  [ { status: 'false' } ]
status= false
2024-6-12 3:2:31  : check Reply, Msgqueue =  [] process= 0
2024-6-12 3:2:32  : check Reply, Msgqueue =  [] process= 0
2024-6-12 3:2:32  : check Reply, Msgqueue =  [] process= 0
2024-6-12 3:2:35  : check Reply, Msgqueue =  [] process= 0
2024-6-12 3:2:36  : Check New Message Response( 236 ) =  [ { status: 'false' } ]
status= false
2024-6-12 3:2:36  : check Reply, Msgqueue =  [] process= 0
2024-6-12 3:2:36  : check Reply, Msgqueue =  [] process= 0
2024-6-12 3:2:37  : Check New Message Response( 237 ) =  [ { status: 'false' } ]
status= false
2024-6-12 3:2:39  : check Reply, Msgqueue =  [] process= 0
2024-6-12 3:2:40  : check Reply, Msgqueue =  [] process= 0
2024-6-12 3:2:40  : check Reply, Msgqueue =  [] process= 0
2024-6-12 3:2:43  : check Reply, Msgqueue =  [] process= 0
2024-6-12 3:2:44  : Check New Message Response( 238 ) =  [ { status: 'false' } ]
status= false
2024-6-12 3:2:44  : check Reply, Msgqueue =  [] process= 0
2024-6-12 3:2:44  : check Reply, Msgqueue =  [] process= 0
2024-6-12 3:2:45  : Check New Message Response( 239 ) =  [ { status: 'false' } ]
status= false
2024-6-12 3:2:47  : check Reply, Msgqueue =  [] process= 0
2024-6-12 3:2:48  : check Reply, Msgqueue =  [] process= 0
2024-6-12 3:2:48  : check Reply, Msgqueue =  [] process= 0
2024-6-12 3:2:51  : check Reply, Msgqueue =  [] process= 0
2024-6-12 3:2:52  : Check New Message Response( 240 ) =  [ { status: 'false' } ]
status= false
2024-6-12 3:2:52  : check Reply, Msgqueue =  [] process= 0
2024-6-12 3:2:52  : check Reply, Msgqueue =  [] process= 0
2024-6-12 3:2:53  : Check New Message Response( 241 ) =  [ { status: 'false' } ]
status= false
2024-6-12 3:2:55  : check Reply, Msgqueue =  [] process= 0
2024-6-12 3:2:56  : check Reply, Msgqueue =  [] process= 0
2024-6-12 3:2:56  : check Reply, Msgqueue =  [] process= 0
2024-6-12 3:2:59  : check Reply, Msgqueue =  [] process= 0
2024-6-12 3:3:0  : Check New Message Response( 242 ) =  [ { status: 'false' } ]
status= false
2024-6-12 3:3:0  : check Reply, Msgqueue =  [] process= 0
2024-6-12 3:3:0  : check Reply, Msgqueue =  [] process= 0
2024-6-12 3:3:1  : Check New Message Response( 243 ) =  [ { status: 'false' } ]
status= false
2024-6-12 3:3:3  : check Reply, Msgqueue =  [] process= 0
2024-6-12 3:3:4  : check Reply, Msgqueue =  [] process= 0
2024-6-12 3:3:4  : check Reply, Msgqueue =  [] process= 0
2024-6-12 3:3:7  : check Reply, Msgqueue =  [] process= 0
2024-6-12 3:3:8  : Check New Message Response( 244 ) =  [ { status: 'false' } ]
status= false
2024-6-12 3:3:8  : check Reply, Msgqueue =  [] process= 0
2024-6-12 3:3:8  : check Reply, Msgqueue =  [] process= 0
2024-6-12 3:3:9  : Check New Message Response( 245 ) =  [ { status: 'false' } ]
status= false
2024-6-12 3:3:11  : check Reply, Msgqueue =  [] process= 0
2024-6-12 3:3:12  : check Reply, Msgqueue =  [] process= 0
2024-6-12 3:3:12  : check Reply, Msgqueue =  [] process= 0
2024-6-12 3:3:15  : check Reply, Msgqueue =  [] process= 0
2024-6-12 3:3:16  : Check New Message Response( 246 ) =  [ { status: 'false' } ]
status= false
2024-6-12 3:3:16  : check Reply, Msgqueue =  [] process= 0
2024-6-12 3:3:16  : check Reply, Msgqueue =  [] process= 0
2024-6-12 3:3:17  : Check New Message Response( 247 ) =  [ { status: 'false' } ]
status= false
2024-6-12 3:3:19  : check Reply, Msgqueue =  [] process= 0
2024-6-12 3:3:20  : check Reply, Msgqueue =  [] process= 0
2024-6-12 3:3:20  : check Reply, Msgqueue =  [] process= 0
2024-6-12 3:3:23  : check Reply, Msgqueue =  [] process= 0
2024-6-12 3:3:24  : Check New Message Response( 248 ) =  [ { status: 'false' } ]
status= false
2024-6-12 3:3:24  : check Reply, Msgqueue =  [] process= 0
2024-6-12 3:3:24  : check Reply, Msgqueue =  [] process= 0
2024-6-12 3:3:25  : Check New Message Response( 249 ) =  [ { status: 'false' } ]
status= false
2024-6-12 3:3:28  : check Reply, Msgqueue =  [] process= 0
2024-6-12 3:3:28  : check Reply, Msgqueue =  [] process= 0
2024-6-12 3:3:28  : check Reply, Msgqueue =  [] process= 0
2024-6-12 3:3:32  : check Reply, Msgqueue =  [] process= 0
